Traceback (most recent call last):
  File "/home/runner/.cache/pypoetry/virtualenvs/jupyterbook-l6LMoh4m-py3.7/lib/python3.7/site-packages/jupyter_cache/executors/utils.py", line 56, in single_nb_execution
    record_timing=False,
  File "/home/runner/.cache/pypoetry/virtualenvs/jupyterbook-l6LMoh4m-py3.7/lib/python3.7/site-packages/nbclient/client.py", line 1082, in execute
    return NotebookClient(nb=nb, resources=resources, km=km, **kwargs).execute()
  File "/home/runner/.cache/pypoetry/virtualenvs/jupyterbook-l6LMoh4m-py3.7/lib/python3.7/site-packages/nbclient/util.py", line 74, in wrapped
    return just_run(coro(*args, **kwargs))
  File "/home/runner/.cache/pypoetry/virtualenvs/jupyterbook-l6LMoh4m-py3.7/lib/python3.7/site-packages/nbclient/util.py", line 53, in just_run
    return loop.run_until_complete(coro)
  File "/opt/hostedtoolcache/Python/3.7.9/x64/lib/python3.7/asyncio/base_events.py", line 587, in run_until_complete
    return future.result()
  File "/home/runner/.cache/pypoetry/virtualenvs/jupyterbook-l6LMoh4m-py3.7/lib/python3.7/site-packages/nbclient/client.py", line 536, in async_execute
    cell, index, execution_count=self.code_cells_executed + 1
  File "/home/runner/.cache/pypoetry/virtualenvs/jupyterbook-l6LMoh4m-py3.7/lib/python3.7/site-packages/nbclient/client.py", line 827, in async_execute_cell
    self._check_raise_for_error(cell, exec_reply)
  File "/home/runner/.cache/pypoetry/virtualenvs/jupyterbook-l6LMoh4m-py3.7/lib/python3.7/site-packages/nbclient/client.py", line 735, in _check_raise_for_error
    raise CellExecutionError.from_cell_and_msg(cell, exec_reply['content'])
nbclient.exceptions.CellExecutionError: An error occurred while executing the following cell:
------------------
from ginza import *
import spacy

nlp = spacy.load("ja_ginza")  # GiNZAãƒ¢ãƒ‡ãƒ«ã®èª­ã¿è¾¼ã¿
doc = nlp('å¾è¼©ã¯çŒ«ã§ã‚ã‚‹ã€‚') # nlpã«ãƒ†ã‚­ã‚¹ãƒˆã‚’æ¸¡ã™

for token in doc:
    print(token.text, token.pos_, token.dep_, token.lemma_, token.lang_,)

------------------

[0;31m---------------------------------------------------------------------------[0m
[0;31mModuleNotFoundError[0m                       Traceback (most recent call last)
[0;32m<ipython-input-2-c0caf2d3d099>[0m in [0;36m<module>[0;34m[0m
[0;32m----> 1[0;31m [0;32mfrom[0m [0mginza[0m [0;32mimport[0m [0;34m*[0m[0;34m[0m[0;34m[0m[0m
[0m[1;32m      2[0m [0;32mimport[0m [0mspacy[0m[0;34m[0m[0;34m[0m[0m
[1;32m      3[0m [0;34m[0m[0m
[1;32m      4[0m [0mnlp[0m [0;34m=[0m [0mspacy[0m[0;34m.[0m[0mload[0m[0;34m([0m[0;34m"ja_ginza"[0m[0;34m)[0m  [0;31m# GiNZAãƒ¢ãƒ‡ãƒ«ã®èª­ã¿è¾¼ã¿[0m[0;34m[0m[0;34m[0m[0m
[1;32m      5[0m [0mdoc[0m [0;34m=[0m [0mnlp[0m[0;34m([0m[0;34m'å¾è¼©ã¯çŒ«ã§ã‚ã‚‹ã€‚'[0m[0;34m)[0m [0;31m# nlpã«ãƒ†ã‚­ã‚¹ãƒˆã‚’æ¸¡ã™[0m[0;34m[0m[0;34m[0m[0m

[0;31mModuleNotFoundError[0m: No module named 'ginza'
ModuleNotFoundError: No module named 'ginza'

